





                     ESPACIAL

              (La CONGA vs el CELO)


        PRIMERA PARTE : EN EL ANILLO DORADO

                     Dirección
                  Andrés  Samudio

               Programación y sonido
                Juan Manuel Medina

                     Gráficos
                  Carlos Marqués
                Juan Antonio Darder

             (C) AVENTURAS A.D. -1990-























         Sector 4 - ZOED           En la Zona Educacional toda la atención está centrada alrededor del sabio GRAMAGAL, quien, frente al Monitor del Espacio Profundo, instruye a los diversos CORREADS.
Has terminado el período de Ins- trucción. Ya eres un COSME.
>



1 SALIDAS



2 INVENTARIO



3 ESPERAR



4 MIRAR



5 ESCUCHAR



6 HABLAR



7 USAR



8 EXAMINAR



1 SALIDAS

1 SALIDAS

1 SALIDAS

1 SALIDAS

8 EXAMINAR

8 EXAMINAREXAMINAR 




1 GRAMAGAL



2 CORREAD



3 UPI-T



4 UPM-T

1 GRAMAGAL

1 GRAMAGAL

1 GRAMAGAL

1 GRAMAGAL

4 UPM-T

4 UPM-TUPM-T

Unidad Protectora Media de Traba- jo. Lleva una holografía con tu imagen.
>



1 SALIDAS



2 INVENTARIO



3 ESPERAR



4 MIRAR



5 ESCUCHAR



6 HABLAR



7 USAR



8 EXAMINAR



1 SALIDAS

1 SALIDAS

1 SALIDAS